gradle-build/app/outputs/logs/manifest-merger-debug-report.txt
-- Merging decision tree log ---
manifest
ADDED from src/main/AndroidManifest.xml:2:1-57:12
INJECTED from src/main/AndroidManifest.xml:2:1-57:12
INJECTED from src/main/AndroidManifest.xml:2:1-57:12
INJECTED from src/main/AndroidManifest.xml:2:1-57:12
MERGED from [com.android.support:multidex:1.0.2] AndroidManifest.xml:17:1-22:12
MERGED from [:AlivcLittleVideo] AndroidManifest.xml:2:1-53:12
MERGED from [:AliyunRecorder:record] AndroidManifest.xml:2:1-34:12
MERGED from [:AliyunEditor] AndroidManifest.xml:2:1-64:12
MERGED from [:AliyunSvideoMusic] AndroidManifest.xml:2:1-9:12
MERGED from [:AliyunFileDownLoader] AndroidManifest.xml:2:1-23:12
MERGED from [:AliyunCrop:crop] AndroidManifest.xml:2:1-31:12
MERGED from [:AliyunSVideoBase] AndroidManifest.xml:2:1-18:12
MERGED from [:AlivcMedia] AndroidManifest.xml:2:1-12:12
MERGED from [:AliyunVideoCommon] AndroidManifest.xml:2:1-41:12
MERGED from [com.android.support:design:24.2.1] AndroidManifest.xml:17:1-24:12
MERGED from [com.android.support:appcompat-v7:26.1.0] AndroidManifest.xml:17:1-31:12
MERGED from [com.android.support:support-v4:26.1.0] AndroidManifest.xml:17:1-31:12
MERGED from [com.android.support:recyclerview-v7:26.1.0] AndroidManifest.xml:17:1-28:12
MERGED from [com.aliyun.dpa:oss-android-sdk:2.9.3] AndroidManifest.xml:2:1-22:12
MERGED from [com.github.bumptech.glide:glide:4.8.0] AndroidManifest.xml:2:1-12:12
MERGED from [com.aliyun.sdk.android:AliyunPlayer:4.7.3-part] AndroidManifest.xml:2:1-11:12
MERGED from [com.android.support:cardview-v7:27.1.1] AndroidManifest.xml:17:1-22:12
MERGED from [com.android.support:support-media-compat:26.1.0] AndroidManifest.xml:17:1-31:12
MERGED from [com.android.support:support-fragment:26.1.0] AndroidManifest.xml:17:1-31:12
MERGED from [com.android.support:support-core-utils:26.1.0] AndroidManifest.xml:17:1-31:12
MERGED from [com.android.support:animated-vector-drawable:26.1.0] AndroidManifest.xml:17:1-28:12
MERGED from [com.android.support:support-core-ui:26.1.0] AndroidManifest.xml:17:1-31:12
MERGED from [com.android.support:support-vector-drawable:26.1.0] AndroidManifest.xml:17:1-28:12
MERGED from [com.android.support:support-compat:26.1.0] AndroidManifest.xml:17:1-31:12
MERGED from [com.github.bumptech.glide:gifdecoder:4.8.0] AndroidManifest.xml:2:1-11:12
MERGED from [com.liulishuo.filedownloader:library:1.4.1] AndroidManifest.xml:2:1-18:12
MERGED from [com.aliyun.video.android:svideopro:3.14.0] AndroidManifest.xml:2:1-17:12
MERGED from [com.alivc.conan:AlivcConan:1.0.2] AndroidManifest.xml:2:1-13:12
MERGED from [com.aliyun.video.android:AlivcFFmpeg:1.1.0] AndroidManifest.xml:2:1-11:12
MERGED from [com.faceunity:nama:6.0.0-lite] AndroidManifest.xml:2:1-11:12
MERGED from [com.aliyun.race:AliyunRace:1.0.0] AndroidManifest.xml:2:1-14:12
MERGED from [android.arch.lifecycle:runtime:1.0.0] AndroidManifest.xml:17:1-30:12
INJECTED from src/main/AndroidManifest.xml:2:1-57:12
INJECTED from src/main/AndroidManifest.xml:2:1-57:12
INJECTED from src/main/AndroidManifest.xml:2:1-57:12
	package
		ADDED from src/main/AndroidManifest.xml:3:5-39
		INJECTED from src/main/AndroidManifest.xml
		INJECTED from src/main/AndroidManifest.xml
	android:versionName
		INJECTED from src/main/AndroidManifest.xml
		ADDED from src/main/AndroidManifest.xml:2:1-57:12
		INJECTED from src/main/AndroidManifest.xml
	android:versionCode
		INJECTED from src/main/AndroidManifest.xml
		ADDED from src/main/AndroidManifest.xml:2:1-57:12
		INJECTED from src/main/AndroidManifest.xml
	xmlns:android
		ADDED from src/main/AndroidManifest.xml:2:11-69
	android:installLocation
		ADDED from src/main/AndroidManifest.xml:4:5-45
uses-permission#android.permission.INTERNET
ADDED from src/main/AndroidManifest.xml:6:5-66
MERGED from [:AlivcLittleVideo] AndroidManifest.xml:13:5-67
MERGED from [:AlivcLittleVideo] AndroidManifest.xml:13:5-67
MERGED from [:AliyunRecorder:record] AndroidManifest.xml:17:5-67
MERGED from [:AliyunRecorder:record] AndroidManifest.xml:17:5-67
MERGED from [:AliyunEditor] AndroidManifest.xml:9:5-67
MERGED from [:AliyunEditor] AndroidManifest.xml:9:5-67
MERGED from [:AliyunFileDownLoader] AndroidManifest.xml:9:5-67
MERGED from [:AliyunFileDownLoader] AndroidManifest.xml:9:5-67
MERGED from [:AliyunVideoCommon] AndroidManifest.xml:10:5-67
MERGED from [:AliyunVideoCommon] AndroidManifest.xml:10:5-67
MERGED from [com.aliyun.dpa:oss-android-sdk:2.9.3] AndroidManifest.xml:11:5-67
MERGED from [com.aliyun.dpa:oss-android-sdk:2.9.3] AndroidManifest.xml:11:5-67
	android:name
		ADDED from src/main/AndroidManifest.xml:6:22-64
uses-permission#android.permission.VIBRATE
ADDED from src/main/AndroidManifest.xml:7:5-65
	android:name
		ADDED from src/main/AndroidManifest.xml:7:22-63
uses-permission#android.permission.RECORD_AUDIO
ADDED from src/main/AndroidManifest.xml:8:5-70
MERGED from [:AliyunRecorder:record] AndroidManifest.xml:10:5-71
MERGED from [:AliyunRecorder:record] AndroidManifest.xml:10:5-71
MERGED from [:AliyunEditor] AndroidManifest.xml:13:5-71
MERGED from [:AliyunEditor] AndroidManifest.xml:13:5-71
MERGED from [:AliyunVideoCommon] AndroidManifest.xml:18:5-71
MERGED from [:AliyunVideoCommon] AndroidManifest.xml:18:5-71
	android:name
		ADDED from src/main/AndroidManifest.xml:8:22-68
uses-permission#android.permission.CAMERA
ADDED from src/main/AndroidManifest.xml:9:5-64
MERGED from [:AliyunRecorder:record] AndroidManifest.xml:9:5-65
MERGED from [:AliyunRecorder:record] AndroidManifest.xml:9:5-65
MERGED from [:AliyunEditor] AndroidManifest.xml:12:5-65
MERGED from [:AliyunEditor] AndroidManifest.xml:12:5-65
MERGED from [:AliyunVideoCommon] AndroidManifest.xml:17:5-65
MERGED from [:AliyunVideoCommon] AndroidManifest.xml:17:5-65
	android:name
		ADDED from src/main/AndroidManifest.xml:9:22-62
uses-permission#android.permission.ACCESS_NETWORK_STATE
ADDED from src/main/AndroidManifest.xml:10:5-78
MERGED from [:AlivcLittleVideo] AndroidManifest.xml:11:5-79
MERGED from [:AlivcLittleVideo] AndroidManifest.xml:11:5-79
MERGED from [:AliyunRecorder:record] AndroidManifest.xml:18:5-79
MERGED from [:AliyunRecorder:record] AndroidManifest.xml:18:5-79
MERGED from [:AliyunVideoCommon] AndroidManifest.xml:9:5-79
MERGED from [:AliyunVideoCommon] AndroidManifest.xml:9:5-79
MERGED from [com.aliyun.dpa:oss-android-sdk:2.9.3] AndroidManifest.xml:12:5-79
MERGED from [com.aliyun.dpa:oss-android-sdk:2.9.3] AndroidManifest.xml:12:5-79
MERGED from [com.alivc.conan:AlivcConan:1.0.2] AndroidManifest.xml:11:5-79
MERGED from [com.alivc.conan:AlivcConan:1.0.2] AndroidManifest.xml:11:5-79
	android:name
		ADDED from src/main/AndroidManifest.xml:10:22-76
uses-permission#android.permission.MOUNT_UNMOUNT_FILESYSTEMS
ADDED from src/main/AndroidManifest.xml:12:5-83
MERGED from [:AliyunFileDownLoader] AndroidManifest.xml:11:5-84
MERGED from [:AliyunFileDownLoader] AndroidManifest.xml:11:5-84
	android:name
		ADDED from src/main/AndroidManifest.xml:12:22-81
uses-permission#android.permission.ACCESS_FINE_LOCATION
ADDED from src/main/AndroidManifest.xml:13:5-78
	android:name
		ADDED from src/main/AndroidManifest.xml:13:22-76
uses-permission#android.permission.GET_TASKS
ADDED from src/main/AndroidManifest.xml:14:5-67
	android:name
		ADDED from src/main/AndroidManifest.xml:14:22-65
uses-permission#android.permission.ACCESS_WIFI_STATE
ADDED from src/main/AndroidManifest.xml:15:5-75
MERGED from [:AlivcLittleVideo] AndroidManifest.xml:12:5-76
MERGED from [:AlivcLittleVideo] AndroidManifest.xml:12:5-76
MERGED from [:AliyunVideoCommon] AndroidManifest.xml:11:5-76
MERGED from [:AliyunVideoCommon] AndroidManifest.xml:11:5-76
MERGED from [com.aliyun.dpa:oss-android-sdk:2.9.3] AndroidManifest.xml:13:5-76
MERGED from [com.aliyun.dpa:oss-android-sdk:2.9.3] AndroidManifest.xml:13:5-76
	android:name
		ADDED from src/main/AndroidManifest.xml:15:22-73
uses-permission#android.permission.CHANGE_WIFI_STATE
ADDED from src/main/AndroidManifest.xml:16:5-75
MERGED from [:AliyunVideoCommon] AndroidManifest.xml:12:5-76
MERGED from [:AliyunVideoCommon] AndroidManifest.xml:12:5-76
MERGED from [com.aliyun.dpa:oss-android-sdk:2.9.3] AndroidManifest.xml:15:5-76
MERGED from [com.aliyun.dpa:oss-android-sdk:2.9.3] AndroidManifest.xml:15:5-76
	android:name
		ADDED from src/main/AndroidManifest.xml:16:22-73
uses-permission#android.permission.WAKE_LOCK
ADDED from src/main/AndroidManifest.xml:17:5-67
MERGED from [:AlivcLittleVideo] AndroidManifest.xml:15:5-68
MERGED from [:AlivcLittleVideo] AndroidManifest.xml:15:5-68
	android:name
		ADDED from src/main/AndroidManifest.xml:17:22-65
uses-permission#android.permission.MODIFY_AUDIO_SETTINGS
ADDED from src/main/AndroidManifest.xml:18:5-79
	android:name
		ADDED from src/main/AndroidManifest.xml:18:22-77
uses-permission#android.permission.READ_PHONE_STATE
ADDED from src/main/AndroidManifest.xml:19:5-74
MERGED from [:AlivcLittleVideo] AndroidManifest.xml:16:5-75
MERGED from [:AlivcLittleVideo] AndroidManifest.xml:16:5-75
MERGED from [:AliyunVideoCommon] AndroidManifest.xml:20:5-75
MERGED from [:AliyunVideoCommon] AndroidManifest.xml:20:5-75
	android:name
		ADDED from src/main/AndroidManifest.xml:19:22-72
uses-permission#android.permission.RECEIVE_BOOT_COMPLETED
ADDED from src/main/AndroidManifest.xml:20:5-80
	android:name
		ADDED from src/main/AndroidManifest.xml:20:22-78
uses-permission#android.permission.READ_EXTERNAL_STORAGE
ADDED from src/main/AndroidManifest.xml:21:5-79
MERGED from [:AlivcLittleVideo] AndroidManifest.xml:18:5-80
MERGED from [:AlivcLittleVideo] AndroidManifest.xml:18:5-80
MERGED from [:AliyunEditor] AndroidManifest.xml:11:5-80
MERGED from [:AliyunEditor] AndroidManifest.xml:11:5-80
MERGED from [:AliyunFileDownLoader] AndroidManifest.xml:15:5-80
MERGED from [:AliyunFileDownLoader] AndroidManifest.xml:15:5-80
MERGED from [:AliyunVideoCommon] AndroidManifest.xml:15:5-80
MERGED from [:AliyunVideoCommon] AndroidManifest.xml:15:5-80
MERGED from [com.aliyun.race:AliyunRace:1.0.0] AndroidManifest.xml:12:5-80
MERGED from [com.aliyun.race:AliyunRace:1.0.0] AndroidManifest.xml:12:5-80
	android:name
		ADDED from src/main/AndroidManifest.xml:21:22-77
uses-permission#android.permission.WRITE_EXTERNAL_STORAGE
ADDED from src/main/AndroidManifest.xml:22:5-80
MERGED from [:AlivcLittleVideo] AndroidManifest.xml:14:5-81
MERGED from [:AlivcLittleVideo] AndroidManifest.xml:14:5-81
MERGED from [:AliyunRecorder:record] AndroidManifest.xml:11:5-81
MERGED from [:AliyunRecorder:record] AndroidManifest.xml:11:5-81
MERGED from [:AliyunEditor] AndroidManifest.xml:10:5-81
MERGED from [:AliyunEditor] AndroidManifest.xml:10:5-81
MERGED from [:AliyunFileDownLoader] AndroidManifest.xml:13:5-81
MERGED from [:AliyunFileDownLoader] AndroidManifest.xml:13:5-81
MERGED from [:AliyunVideoCommon] AndroidManifest.xml:14:5-81
MERGED from [:AliyunVideoCommon] AndroidManifest.xml:14:5-81
MERGED from [com.aliyun.dpa:oss-android-sdk:2.9.3] AndroidManifest.xml:14:5-81
MERGED from [com.aliyun.dpa:oss-android-sdk:2.9.3] AndroidManifest.xml:14:5-81
MERGED from [com.aliyun.race:AliyunRace:1.0.0] AndroidManifest.xml:11:5-81
MERGED from [com.aliyun.race:AliyunRace:1.0.0] AndroidManifest.xml:11:5-81
	android:name
		ADDED from src/main/AndroidManifest.xml:22:22-78
uses-permission#android.permission.BLUETOOTH
ADDED from src/main/AndroidManifest.xml:23:5-68
MERGED from [:AliyunVideoCommon] AndroidManifest.xml:22:5-68
MERGED from [:AliyunVideoCommon] AndroidManifest.xml:22:5-68
	android:name
		ADDED from src/main/AndroidManifest.xml:23:22-65
uses-permission#android.permission.SYSTEM_ALERT_WINDOW
ADDED from src/main/AndroidManifest.xml:24:5-78
	android:name
		ADDED from src/main/AndroidManifest.xml:24:22-75
uses-permission#android.permission.REQUEST_INSTALL_PACKAGES
ADDED from src/main/AndroidManifest.xml:26:5-83
MERGED from [:AliyunVideoCommon] AndroidManifest.xml:24:5-83
MERGED from [:AliyunVideoCommon] AndroidManifest.xml:24:5-83
	android:name
		ADDED from src/main/AndroidManifest.xml:26:22-80
application
ADDED from src/main/AndroidManifest.xml:28:5-55:19
MERGED from [:AlivcLittleVideo] AndroidManifest.xml:20:5-51:19
MERGED from [:AlivcLittleVideo] AndroidManifest.xml:20:5-51:19
MERGED from [:AliyunRecorder:record] AndroidManifest.xml:20:5-32:19
MERGED from [:AliyunRecorder:record] AndroidManifest.xml:20:5-32:19
MERGED from [:AliyunEditor] AndroidManifest.xml:15:5-62:19
MERGED from [:AliyunEditor] AndroidManifest.xml:15:5-62:19
MERGED from [:AliyunFileDownLoader] AndroidManifest.xml:17:5-21:19
MERGED from [:AliyunFileDownLoader] AndroidManifest.xml:17:5-21:19
MERGED from [:AliyunCrop:crop] AndroidManifest.xml:10:5-29:19
MERGED from [:AliyunCrop:crop] AndroidManifest.xml:10:5-29:19
MERGED from [:AliyunSVideoBase] AndroidManifest.xml:9:5-16:19
MERGED from [:AliyunSVideoBase] AndroidManifest.xml:9:5-16:19
MERGED from [:AlivcMedia] AndroidManifest.xml:9:5-10:19
MERGED from [:AlivcMedia] AndroidManifest.xml:9:5-10:19
MERGED from [:AliyunVideoCommon] AndroidManifest.xml:26:5-39:19
MERGED from [:AliyunVideoCommon] AndroidManifest.xml:26:5-39:19
MERGED from [com.android.support:design:24.2.1] AndroidManifest.xml:22:5-20
MERGED from [com.android.support:design:24.2.1] AndroidManifest.xml:22:5-20
MERGED from [com.android.support:appcompat-v7:26.1.0] AndroidManifest.xml:25:5-29:19
MERGED from [com.android.support:appcompat-v7:26.1.0] AndroidManifest.xml:25:5-29:19
MERGED from [com.android.support:support-v4:26.1.0] AndroidManifest.xml:25:5-29:19
MERGED from [com.android.support:support-v4:26.1.0] AndroidManifest.xml:25:5-29:19
MERGED from [com.android.support:recyclerview-v7:26.1.0] AndroidManifest.xml:22:5-26:19
MERGED from [com.android.support:recyclerview-v7:26.1.0] AndroidManifest.xml:22:5-26:19
MERGED from [com.aliyun.dpa:oss-android-sdk:2.9.3] AndroidManifest.xml:17:5-20:19
MERGED from [com.aliyun.dpa:oss-android-sdk:2.9.3] AndroidManifest.xml:17:5-20:19
MERGED from [com.github.bumptech.glide:glide:4.8.0] AndroidManifest.xml:10:5-20
MERGED from [com.github.bumptech.glide:glide:4.8.0] AndroidManifest.xml:10:5-20
MERGED from [com.android.support:support-media-compat:26.1.0] AndroidManifest.xml:25:5-29:19
MERGED from [com.android.support:support-media-compat:26.1.0] AndroidManifest.xml:25:5-29:19
MERGED from [com.android.support:support-fragment:26.1.0] AndroidManifest.xml:25:5-29:19
MERGED from [com.android.support:support-fragment:26.1.0] AndroidManifest.xml:25:5-29:19
MERGED from [com.android.support:support-core-utils:26.1.0] AndroidManifest.xml:25:5-29:19
MERGED from [com.android.support:support-core-utils:26.1.0] AndroidManifest.xml:25:5-29:19
MERGED from [com.android.support:animated-vector-drawable:26.1.0] AndroidManifest.xml:22:5-26:19
MERGED from [com.android.support:animated-vector-drawable:26.1.0] AndroidManifest.xml:22:5-26:19
MERGED from [com.android.support:support-core-ui:26.1.0] AndroidManifest.xml:25:5-29:19
MERGED from [com.android.support:support-core-ui:26.1.0] AndroidManifest.xml:25:5-29:19
MERGED from [com.android.support:support-vector-drawable:26.1.0] AndroidManifest.xml:22:5-26:19
MERGED from [com.android.support:support-vector-drawable:26.1.0] AndroidManifest.xml:22:5-26:19
MERGED from [com.android.support:support-compat:26.1.0] AndroidManifest.xml:25:5-29:19
MERGED from [com.android.support:support-compat:26.1.0] AndroidManifest.xml:25:5-29:19
MERGED from [com.github.bumptech.glide:gifdecoder:4.8.0] AndroidManifest.xml:9:5-20
MERGED from [com.github.bumptech.glide:gifdecoder:4.8.0] AndroidManifest.xml:9:5-20
MERGED from [com.liulishuo.filedownloader:library:1.4.1] AndroidManifest.xml:11:5-16:19
MERGED from [com.liulishuo.filedownloader:library:1.4.1] AndroidManifest.xml:11:5-16:19
MERGED from [com.aliyun.video.android:svideopro:3.14.0] AndroidManifest.xml:12:5-15:19
MERGED from [com.aliyun.video.android:svideopro:3.14.0] AndroidManifest.xml:12:5-15:19
MERGED from [android.arch.lifecycle:runtime:1.0.0] AndroidManifest.xml:24:5-28:19
MERGED from [android.arch.lifecycle:runtime:1.0.0] AndroidManifest.xml:24:5-28:19
	android:supportsRtl
		ADDED from src/main/AndroidManifest.xml:33:9-35
	android:label
		ADDED from src/main/AndroidManifest.xml:32:9-41
	android:icon
		ADDED from src/main/AndroidManifest.xml:31:9-43
	android:allowBackup
		ADDED from src/main/AndroidManifest.xml:30:9-35
	android:theme
		ADDED from src/main/AndroidManifest.xml:35:9-40
	android:usesCleartextTraffic
		ADDED from src/main/AndroidManifest.xml:34:9-44
	android:name
		ADDED from src/main/AndroidManifest.xml:29:9-64
activity#com.aliyun.alivcsolution.SplashActivity
ADDED from src/main/AndroidManifest.xml:37:9-48:20
	android:screenOrientation
		ADDED from src/main/AndroidManifest.xml:38:13-49
	android:windowSoftInputMode
		ADDED from src/main/AndroidManifest.xml:41:13-64
	android:configChanges
		ADDED from src/main/AndroidManifest.xml:39:13-48
	android:theme
		ADDED from src/main/AndroidManifest.xml:40:13-52
	android:name
		ADDED from src/main/AndroidManifest.xml:37:19-73
intent-filter#action:name:android.intent.action.MAIN+category:name:android.intent.category.LAUNCHER
ADDED from src/main/AndroidManifest.xml:43:13-47:29
action#android.intent.action.MAIN
ADDED from src/main/AndroidManifest.xml:44:17-69
	android:name
		ADDED from src/main/AndroidManifest.xml:44:25-66
category#android.intent.category.LAUNCHER
ADDED from src/main/AndroidManifest.xml:46:17-77
	android:name
		ADDED from src/main/AndroidManifest.xml:46:27-74
activity#com.aliyun.alivcsolution.MainActivity
ADDED from src/main/AndroidManifest.xml:50:9-53:20
	android:screenOrientation
		ADDED from src/main/AndroidManifest.xml:52:13-49
	android:launchMode
		ADDED from src/main/AndroidManifest.xml:52:50-81
	android:theme
		ADDED from src/main/AndroidManifest.xml:51:13-63
	android:name
		ADDED from src/main/AndroidManifest.xml:50:19-71
uses-sdk
INJECTED from src/main/AndroidManifest.xml reason: use-sdk injection requested
INJECTED from src/main/AndroidManifest.xml
INJECTED from src/main/AndroidManifest.xml
MERGED from [com.android.support:multidex:1.0.2] AndroidManifest.xml:20:5-43
MERGED from [com.android.support:multidex:1.0.2] AndroidManifest.xml:20:5-43
MERGED from [:AlivcLittleVideo] AndroidManifest.xml:7:5-9:41
MERGED from [:AlivcLittleVideo] AndroidManifest.xml:7:5-9:41
MERGED from [:AliyunRecorder:record] AndroidManifest.xml:5:5-7:41
MERGED from [:AliyunRecorder:record] AndroidManifest.xml:5:5-7:41
MERGED from [:AliyunEditor] AndroidManifest.xml:5:5-7:41
MERGED from [:AliyunEditor] AndroidManifest.xml:5:5-7:41
MERGED from [:AliyunSvideoMusic] AndroidManifest.xml:5:5-7:41
MERGED from [:AliyunSvideoMusic] AndroidManifest.xml:5:5-7:41
MERGED from [:AliyunFileDownLoader] AndroidManifest.xml:5:5-7:41
MERGED from [:AliyunFileDownLoader] AndroidManifest.xml:5:5-7:41
MERGED from [:AliyunCrop:crop] AndroidManifest.xml:6:5-8:41
MERGED from [:AliyunCrop:crop] AndroidManifest.xml:6:5-8:41
MERGED from [:AliyunSVideoBase] AndroidManifest.xml:5:5-7:41
MERGED from [:AliyunSVideoBase] AndroidManifest.xml:5:5-7:41
MERGED from [:AlivcMedia] AndroidManifest.xml:5:5-7:41
MERGED from [:AlivcMedia] AndroidManifest.xml:5:5-7:41
MERGED from [:AliyunVideoCommon] AndroidManifest.xml:5:5-7:41
MERGED from [:AliyunVideoCommon] AndroidManifest.xml:5:5-7:41
MERGED from [com.android.support:design:24.2.1] AndroidManifest.xml:20:5-43
MERGED from [com.android.support:design:24.2.1] AndroidManifest.xml:20:5-43
MERGED from [com.android.support:appcompat-v7:26.1.0] AndroidManifest.xml:21:5-23:78
MERGED from [com.android.support:appcompat-v7:26.1.0] AndroidManifest.xml:21:5-23:78
MERGED from [com.android.support:support-v4:26.1.0] AndroidManifest.xml:21:5-23:54
MERGED from [com.android.support:support-v4:26.1.0] AndroidManifest.xml:21:5-23:54
MERGED from [com.android.support:recyclerview-v7:26.1.0] AndroidManifest.xml:20:5-44
MERGED from [com.android.support:recyclerview-v7:26.1.0] AndroidManifest.xml:20:5-44
MERGED from [com.aliyun.dpa:oss-android-sdk:2.9.3] AndroidManifest.xml:7:5-9:41
MERGED from [com.aliyun.dpa:oss-android-sdk:2.9.3] AndroidManifest.xml:7:5-9:41
MERGED from [com.github.bumptech.glide:glide:4.8.0] AndroidManifest.xml:6:5-8:41
MERGED from [com.github.bumptech.glide:glide:4.8.0] AndroidManifest.xml:6:5-8:41
MERGED from [com.aliyun.sdk.android:AliyunPlayer:4.7.3-part] AndroidManifest.xml:7:5-9:41
MERGED from [com.aliyun.sdk.android:AliyunPlayer:4.7.3-part] AndroidManifest.xml:7:5-9:41
MERGED from [com.android.support:cardview-v7:27.1.1] AndroidManifest.xml:20:5-44
MERGED from [com.android.support:cardview-v7:27.1.1] AndroidManifest.xml:20:5-44
MERGED from [com.android.support:support-media-compat:26.1.0] AndroidManifest.xml:21:5-23:63
MERGED from [com.android.support:support-media-compat:26.1.0] AndroidManifest.xml:21:5-23:63
MERGED from [com.android.support:support-fragment:26.1.0] AndroidManifest.xml:21:5-23:60
MERGED from [com.android.support:support-fragment:26.1.0] AndroidManifest.xml:21:5-23:60
MERGED from [com.android.support:support-core-utils:26.1.0] AndroidManifest.xml:21:5-23:61
MERGED from [com.android.support:support-core-utils:26.1.0] AndroidManifest.xml:21:5-23:61
MERGED from [com.android.support:animated-vector-drawable:26.1.0] AndroidManifest.xml:20:5-44
MERGED from [com.android.support:animated-vector-drawable:26.1.0] AndroidManifest.xml:20:5-44
MERGED from [com.android.support:support-core-ui:26.1.0] AndroidManifest.xml:21:5-23:58
MERGED from [com.android.support:support-core-ui:26.1.0] AndroidManifest.xml:21:5-23:58
MERGED from [com.android.support:support-vector-drawable:26.1.0] AndroidManifest.xml:20:5-44
MERGED from [com.android.support:support-vector-drawable:26.1.0] AndroidManifest.xml:20:5-44
MERGED from [com.android.support:support-compat:26.1.0] AndroidManifest.xml:21:5-23:58
MERGED from [com.android.support:support-compat:26.1.0] AndroidManifest.xml:21:5-23:58
MERGED from [com.github.bumptech.glide:gifdecoder:4.8.0] AndroidManifest.xml:5:5-7:41
MERGED from [com.github.bumptech.glide:gifdecoder:4.8.0] AndroidManifest.xml:5:5-7:41
MERGED from [com.liulishuo.filedownloader:library:1.4.1] AndroidManifest.xml:7:5-9:41
MERGED from [com.liulishuo.filedownloader:library:1.4.1] AndroidManifest.xml:7:5-9:41
MERGED from [com.aliyun.video.android:svideopro:3.14.0] AndroidManifest.xml:8:5-10:41
MERGED from [com.aliyun.video.android:svideopro:3.14.0] AndroidManifest.xml:8:5-10:41
MERGED from [com.alivc.conan:AlivcConan:1.0.2] AndroidManifest.xml:7:5-9:41
MERGED from [com.alivc.conan:AlivcConan:1.0.2] AndroidManifest.xml:7:5-9:41
MERGED from [com.aliyun.video.android:AlivcFFmpeg:1.1.0] AndroidManifest.xml:7:5-9:41
MERGED from [com.aliyun.video.android:AlivcFFmpeg:1.1.0] AndroidManifest.xml:7:5-9:41
MERGED from [com.faceunity:nama:6.0.0-lite] AndroidManifest.xml:7:5-9:41
MERGED from [com.faceunity:nama:6.0.0-lite] AndroidManifest.xml:7:5-9:41
MERGED from [com.aliyun.race:AliyunRace:1.0.0] AndroidManifest.xml:7:5-9:41
MERGED from [com.aliyun.race:AliyunRace:1.0.0] AndroidManifest.xml:7:5-9:41
MERGED from [android.arch.lifecycle:runtime:1.0.0] AndroidManifest.xml:20:5-22:41
MERGED from [android.arch.lifecycle:runtime:1.0.0] AndroidManifest.xml:20:5-22:41
INJECTED from src/main/AndroidManifest.xml
INJECTED from src/main/AndroidManifest.xml
	tools:overrideLibrary
		ADDED from [com.android.support:appcompat-v7:26.1.0] AndroidManifest.xml:23:9-75
	android:targetSdkVersion
		INJECTED from src/main/AndroidManifest.xml
		ADDED from src/main/AndroidManifest.xml
		INJECTED from src/main/AndroidManifest.xml
	android:minSdkVersion
		INJECTED from src/main/AndroidManifest.xml
		ADDED from src/main/AndroidManifest.xml
		INJECTED from src/main/AndroidManifest.xml
uses-permission#android.permission.WRITE_SETTINGS
ADDED from [:AlivcLittleVideo] AndroidManifest.xml:17:5-73
	android:name
		ADDED from [:AlivcLittleVideo] AndroidManifest.xml:17:22-70
activity#com.aliyun.apsara.alivclittlevideo.activity.VideoListActivity
ADDED from [:AlivcLittleVideo] AndroidManifest.xml:23:9-27:66
	android:screenOrientation
		ADDED from [:AlivcLittleVideo] AndroidManifest.xml:26:13-49
	android:launchMode
		ADDED from [:AlivcLittleVideo] AndroidManifest.xml:25:13-44
	android:theme
		ADDED from [:AlivcLittleVideo] AndroidManifest.xml:27:13-63
	android:name
		ADDED from [:AlivcLittleVideo] AndroidManifest.xml:24:13-89
activity#com.aliyun.apsara.alivclittlevideo.activity.PublishActivity
ADDED from [:AlivcLittleVideo] AndroidManifest.xml:28:9-31:52
	android:screenOrientation
		ADDED from [:AlivcLittleVideo] AndroidManifest.xml:31:13-49
	android:launchMode
		ADDED from [:AlivcLittleVideo] AndroidManifest.xml:30:13-43
	android:name
		ADDED from [:AlivcLittleVideo] AndroidManifest.xml:29:13-87
activity#com.aliyun.apsara.alivclittlevideo.activity.AlivcLittleSettingActivity
ADDED from [:AlivcLittleVideo] AndroidManifest.xml:32:9-35:66
	android:screenOrientation
		ADDED from [:AlivcLittleVideo] AndroidManifest.xml:34:13-49
	android:theme
		ADDED from [:AlivcLittleVideo] AndroidManifest.xml:35:13-63
	android:name
		ADDED from [:AlivcLittleVideo] AndroidManifest.xml:33:13-98
activity#com.aliyun.apsara.alivclittlevideo.activity.AlivcLittleUserSettingActivity
ADDED from [:AlivcLittleVideo] AndroidManifest.xml:36:9-38:52
	android:screenOrientation
		ADDED from [:AlivcLittleVideo] AndroidManifest.xml:38:13-49
	android:name
		ADDED from [:AlivcLittleVideo] AndroidManifest.xml:37:13-102
activity#com.aliyun.apsara.alivclittlevideo.activity.AlivcLittleUserChangeActivity
ADDED from [:AlivcLittleVideo] AndroidManifest.xml:39:9-41:52
	android:screenOrientation
		ADDED from [:AlivcLittleVideo] AndroidManifest.xml:41:13-49
	android:name
		ADDED from [:AlivcLittleVideo] AndroidManifest.xml:40:13-101
activity#com.aliyun.apsara.alivclittlevideo.activity.AlivcLittlePlayerActivity
ADDED from [:AlivcLittleVideo] AndroidManifest.xml:42:9-44:52
	android:screenOrientation
		ADDED from [:AlivcLittleVideo] AndroidManifest.xml:44:13-49
	android:name
		ADDED from [:AlivcLittleVideo] AndroidManifest.xml:43:13-97
activity#com.aliyun.apsara.alivclittlevideo.activity.AlivcLittlePreviewActivity
ADDED from [:AlivcLittleVideo] AndroidManifest.xml:45:9-47:52
	android:screenOrientation
		ADDED from [:AlivcLittleVideo] AndroidManifest.xml:47:13-49
	android:name
		ADDED from [:AlivcLittleVideo] AndroidManifest.xml:46:13-98
activity#com.aliyun.apsara.alivclittlevideo.activity.AlivcLittleLiveActivity
ADDED from [:AlivcLittleVideo] AndroidManifest.xml:48:9-50:52
	android:screenOrientation
		ADDED from [:AlivcLittleVideo] AndroidManifest.xml:50:13-49
	android:name
		ADDED from [:AlivcLittleVideo] AndroidManifest.xml:49:13-95
uses-feature#0x00020000
ADDED from [:AliyunRecorder:record] AndroidManifest.xml:13:5-15:35
	android:glEsVersion
		ADDED from [:AliyunRecorder:record] AndroidManifest.xml:14:9-41
	android:required
		ADDED from [:AliyunRecorder:record] AndroidManifest.xml:15:9-32
activity#com.aliyun.svideo.recorder.activity.AlivcSvideoRecordActivity
ADDED from [:AliyunRecorder:record] AndroidManifest.xml:21:9-24:57
	android:screenOrientation
		ADDED from [:AliyunRecorder:record] AndroidManifest.xml:23:13-49
	android:theme
		ADDED from [:AliyunRecorder:record] AndroidManifest.xml:24:13-54
	android:name
		ADDED from [:AliyunRecorder:record] AndroidManifest.xml:22:13-89
activity#com.aliyun.svideo.recorder.activity.AlivcSvideoMixRecordActivity
ADDED from [:AliyunRecorder:record] AndroidManifest.xml:25:9-28:57
	android:screenOrientation
		ADDED from [:AliyunRecorder:record] AndroidManifest.xml:27:13-49
	android:theme
		ADDED from [:AliyunRecorder:record] AndroidManifest.xml:28:13-54
	android:name
		ADDED from [:AliyunRecorder:record] AndroidManifest.xml:26:13-92
activity#com.aliyun.svideo.recorder.activity.AlivcMixMediaActivity
ADDED from [:AliyunRecorder:record] AndroidManifest.xml:29:9-31:52
	android:screenOrientation
		ADDED from [:AliyunRecorder:record] AndroidManifest.xml:31:13-49
	android:name
		ADDED from [:AliyunRecorder:record] AndroidManifest.xml:30:13-85
activity#com.aliyun.svideo.editor.editor.EditorActivity
ADDED from [:AliyunEditor] AndroidManifest.xml:16:9-21:20
	android:screenOrientation
		ADDED from [:AliyunEditor] AndroidManifest.xml:19:13-49
	android:launchMode
		ADDED from [:AliyunEditor] AndroidManifest.xml:18:13-44
	android:theme
		ADDED from [:AliyunEditor] AndroidManifest.xml:20:13-52
	android:name
		ADDED from [:AliyunEditor] AndroidManifest.xml:17:13-74
activity#com.aliyun.svideo.editor.EditorMediaActivity
ADDED from [:AliyunEditor] AndroidManifest.xml:22:9-26:20
	android:screenOrientation
		ADDED from [:AliyunEditor] AndroidManifest.xml:24:13-49
	android:theme
		ADDED from [:AliyunEditor] AndroidManifest.xml:25:13-63
	android:name
		ADDED from [:AliyunEditor] AndroidManifest.xml:23:13-72
activity#com.aliyun.svideo.editor.effectmanager.EffectManagerActivity
ADDED from [:AliyunEditor] AndroidManifest.xml:27:9-31:20
	android:screenOrientation
		ADDED from [:AliyunEditor] AndroidManifest.xml:29:13-49
	android:theme
		ADDED from [:AliyunEditor] AndroidManifest.xml:30:13-63
	android:name
		ADDED from [:AliyunEditor] AndroidManifest.xml:28:13-88
activity#com.aliyun.svideo.editor.effectmanager.MorePasterActivity
ADDED from [:AliyunEditor] AndroidManifest.xml:32:9-36:20
	android:screenOrientation
		ADDED from [:AliyunEditor] AndroidManifest.xml:34:13-49
	android:theme
		ADDED from [:AliyunEditor] AndroidManifest.xml:35:13-63
	android:name
		ADDED from [:AliyunEditor] AndroidManifest.xml:33:13-85
activity#com.aliyun.svideo.editor.effectmanager.MoreCaptionActivity
ADDED from [:AliyunEditor] AndroidManifest.xml:37:9-41:20
	android:screenOrientation
		ADDED from [:AliyunEditor] AndroidManifest.xml:39:13-49
	android:theme
		ADDED from [:AliyunEditor] AndroidManifest.xml:40:13-63
	android:name
		ADDED from [:AliyunEditor] AndroidManifest.xml:38:13-86
activity#com.aliyun.svideo.editor.effectmanager.MoreMVActivity
ADDED from [:AliyunEditor] AndroidManifest.xml:42:9-46:20
	android:screenOrientation
		ADDED from [:AliyunEditor] AndroidManifest.xml:44:13-49
	android:theme
		ADDED from [:AliyunEditor] AndroidManifest.xml:45:13-63
	android:name